2019-05-09T03:17:01+00:00 openvpnas2 CRON[7701]: pam_unix(cron:session): session opened for user root by (uid=0)
2019-05-09T03:17:01+00:00 openvpnas2 CRON[7702]: (root) CMD (   cd / && run-parts --report /etc/cron.hourly)
2019-05-09T03:17:01+00:00 openvpnas2 CRON[7701]: pam_unix(cron:session): session closed for user root
2019-05-09T04:17:01+00:00 openvpnas2 CRON[7774]: pam_unix(cron:session): session opened for user root by (uid=0)
2019-05-09T04:17:01+00:00 openvpnas2 CRON[7775]: (root) CMD (   cd / && run-parts --report /etc/cron.hourly)
2019-05-09T04:17:01+00:00 openvpnas2 CRON[7774]: pam_unix(cron:session): session closed for user root
2019-05-09T05:17:01+00:00 openvpnas2 CRON[7849]: pam_unix(cron:session): session opened for user root by (uid=0)
2019-05-09T05:17:01+00:00 openvpnas2 CRON[7850]: (root) CMD (   cd / && run-parts --report /etc/cron.hourly)
2019-05-09T05:17:01+00:00 openvpnas2 CRON[7849]: pam_unix(cron:session): session closed for user root
2019-05-09T05:24:01+00:00 openvpnas2 CRON[7855]: pam_unix(cron:session): session opened for user root by (uid=0)
2019-05-09T05:24:01+00:00 openvpnas2 CRON[7856]: (root) CMD (   test -x /etc/cron.daily/popularity-contest && /etc/cron.daily/popularity-contest --crond)
2019-05-09T05:24:01+00:00 openvpnas2 CRON[7855]: pam_unix(cron:session): session closed for user root
2019-05-09T06:17:01+00:00 openvpnas2 CRON[7927]: pam_unix(cron:session): session opened for user root by (uid=0)
2019-05-09T06:17:01+00:00 openvpnas2 CRON[7928]: (root) CMD (   cd / && run-parts --report /etc/cron.hourly)
2019-05-09T06:17:01+00:00 openvpnas2 CRON[7927]: pam_unix(cron:session): session closed for user root
2019-05-09T06:25:01+00:00 openvpnas2 CRON[7930]: pam_unix(cron:session): session opened for user root by (uid=0)
2019-05-09T06:25:01+00:00 openvpnas2 CRON[7931]: (root) CMD (test -x /usr/sbin/anacron || ( cd / && run-parts --report /etc/cron.daily ))
2019-05-09T06:25:14+00:00 openvpnas2 CRON[7930]: pam_unix(cron:session): session closed for user root
2019-05-09T07:17:01+00:00 openvpnas2 CRON[8246]: pam_unix(cron:session): session opened for user root by (uid=0)
2019-05-09T07:17:01+00:00 openvpnas2 CRON[8247]: (root) CMD (   cd / && run-parts --report /etc/cron.hourly)
2019-05-09T07:17:01+00:00 openvpnas2 CRON[8246]: pam_unix(cron:session): session closed for user root
2019-05-09T08:17:01+00:00 openvpnas2 CRON[8323]: pam_unix(cron:session): session opened for user root by (uid=0)
2019-05-09T08:17:01+00:00 openvpnas2 CRON[8324]: (root) CMD (   cd / && run-parts --report /etc/cron.hourly)
2019-05-09T08:17:01+00:00 openvpnas2 CRON[8323]: pam_unix(cron:session): session closed for user root
2019-05-09T09:17:01+00:00 openvpnas2 CRON[8396]: pam_unix(cron:session): session opened for user root by (uid=0)
2019-05-09T09:17:01+00:00 openvpnas2 CRON[8397]: (root) CMD (   cd / && run-parts --report /etc/cron.hourly)
2019-05-09T09:17:01+00:00 openvpnas2 CRON[8396]: pam_unix(cron:session): session closed for user root
2019-05-09T10:17:01+00:00 openvpnas2 CRON[8470]: pam_unix(cron:session): session opened for user root by (uid=0)
2019-05-09T10:17:01+00:00 openvpnas2 CRON[8471]: (root) CMD (   cd / && run-parts --report /etc/cron.hourly)
2019-05-09T10:17:01+00:00 openvpnas2 CRON[8470]: pam_unix(cron:session): session closed for user root
2019-05-09T11:17:01+00:00 openvpnas2 CRON[8550]: pam_unix(cron:session): session opened for user root by (uid=0)
2019-05-09T11:17:01+00:00 openvpnas2 CRON[8551]: (root) CMD (   cd / && run-parts --report /etc/cron.hourly)
2019-05-09T11:17:01+00:00 openvpnas2 CRON[8550]: pam_unix(cron:session): session closed for user root
2019-05-09T12:17:01+00:00 openvpnas2 CRON[8631]: pam_unix(cron:session): session opened for user root by (uid=0)
2019-05-09T12:17:01+00:00 openvpnas2 CRON[8632]: (root) CMD (   cd / && run-parts --report /etc/cron.hourly)
2019-05-09T12:17:01+00:00 openvpnas2 CRON[8631]: pam_unix(cron:session): session closed for user root
2019-05-09T13:17:01+00:00 openvpnas2 CRON[8705]: pam_unix(cron:session): session opened for user root by (uid=0)
2019-05-09T13:17:01+00:00 openvpnas2 CRON[8706]: (root) CMD (   cd / && run-parts --report /etc/cron.hourly)
2019-05-09T13:17:01+00:00 openvpnas2 CRON[8705]: pam_unix(cron:session): session closed for user root
2019-05-09T14:17:01+00:00 openvpnas2 CRON[8779]: pam_unix(cron:session): session opened for user root by (uid=0)
2019-05-09T14:17:01+00:00 openvpnas2 CRON[8780]: (root) CMD (   cd / && run-parts --report /etc/cron.hourly)
2019-05-09T14:17:01+00:00 openvpnas2 CRON[8779]: pam_unix(cron:session): session closed for user root
2019-05-09T15:17:01+00:00 openvpnas2 CRON[9196]: pam_unix(cron:session): session opened for user root by (uid=0)
2019-05-09T15:17:01+00:00 openvpnas2 CRON[9197]: (root) CMD (   cd / && run-parts --report /etc/cron.hourly)
2019-05-09T15:17:01+00:00 openvpnas2 CRON[9196]: pam_unix(cron:session): session closed for user root
2019-05-09T16:17:01+00:00 openvpnas2 CRON[9268]: pam_unix(cron:session): session opened for user root by (uid=0)
2019-05-09T16:17:01+00:00 openvpnas2 CRON[9269]: (root) CMD (   cd / && run-parts --report /etc/cron.hourly)
2019-05-09T16:17:01+00:00 openvpnas2 CRON[9268]: pam_unix(cron:session): session closed for user root
2019-05-09T17:17:01+00:00 openvpnas2 CRON[9345]: pam_unix(cron:session): session opened for user root by (uid=0)
2019-05-09T17:17:01+00:00 openvpnas2 CRON[9346]: (root) CMD (   cd / && run-parts --report /etc/cron.hourly)
2019-05-09T17:17:01+00:00 openvpnas2 CRON[9345]: pam_unix(cron:session): session closed for user root
2019-05-09T18:17:01+00:00 openvpnas2 CRON[9418]: pam_unix(cron:session): session opened for user root by (uid=0)
2019-05-09T18:17:01+00:00 openvpnas2 CRON[9419]: (root) CMD (   cd / && run-parts --report /etc/cron.hourly)
2019-05-09T18:17:01+00:00 openvpnas2 CRON[9418]: pam_unix(cron:session): session closed for user root
2019-05-09T19:17:01+00:00 openvpnas2 CRON[9518]: pam_unix(cron:session): session opened for user root by (uid=0)
2019-05-09T19:17:01+00:00 openvpnas2 CRON[9519]: (root) CMD (   cd / && run-parts --report /etc/cron.hourly)
2019-05-09T19:17:01+00:00 openvpnas2 CRON[9518]: pam_unix(cron:session): session closed for user root
2019-05-09T20:17:01+00:00 openvpnas2 CRON[9602]: pam_unix(cron:session): session opened for user root by (uid=0)
2019-05-09T20:17:01+00:00 openvpnas2 CRON[9603]: (root) CMD (   cd / && run-parts --report /etc/cron.hourly)
2019-05-09T20:17:01+00:00 openvpnas2 CRON[9602]: pam_unix(cron:session): session closed for user root
2019-05-09T21:17:01+00:00 openvpnas2 CRON[9681]: pam_unix(cron:session): session opened for user root by (uid=0)
2019-05-09T21:17:01+00:00 openvpnas2 CRON[9682]: (root) CMD (   cd / && run-parts --report /etc/cron.hourly)
2019-05-09T21:17:01+00:00 openvpnas2 CRON[9681]: pam_unix(cron:session): session closed for user root
2019-05-09T22:17:01+00:00 openvpnas2 CRON[9757]: pam_unix(cron:session): session opened for user root by (uid=0)
2019-05-09T22:17:01+00:00 openvpnas2 CRON[9758]: (root) CMD (   cd / && run-parts --report /etc/cron.hourly)
2019-05-09T22:17:01+00:00 openvpnas2 CRON[9757]: pam_unix(cron:session): session closed for user root
