2019-05-09T02:46:18+00:00 openvpnas2 systemd[1]: Started ntp-systemd-netif.service.
2019-05-09T02:46:18+00:00 openvpnas2 systemd[1]: Started ntp-systemd-netif.service.
2019-05-09T03:16:19+00:00 openvpnas2 systemd[1]: Started ntp-systemd-netif.service.
2019-05-09T03:16:19+00:00 openvpnas2 systemd[1]: Started ntp-systemd-netif.service.
2019-05-09T03:46:19+00:00 openvpnas2 systemd[1]: Started ntp-systemd-netif.service.
2019-05-09T03:46:19+00:00 openvpnas2 systemd[1]: Started ntp-systemd-netif.service.
2019-05-09T04:16:18+00:00 openvpnas2 systemd[1]: Started ntp-systemd-netif.service.
2019-05-09T04:16:18+00:00 openvpnas2 systemd[1]: Started ntp-systemd-netif.service.
2019-05-09T04:23:24+00:00 openvpnas2 systemd[1]: Stopping User Manager for UID 1002...
2019-05-09T04:23:24+00:00 openvpnas2 systemd[7036]: Stopped target Default.
2019-05-09T04:23:24+00:00 openvpnas2 systemd[7036]: Stopped target Basic System.
2019-05-09T04:23:24+00:00 openvpnas2 systemd[7036]: Stopped target Paths.
2019-05-09T04:23:24+00:00 openvpnas2 systemd[7036]: Stopped target Timers.
2019-05-09T04:23:24+00:00 openvpnas2 systemd[7036]: Stopped target Sockets.
2019-05-09T04:23:24+00:00 openvpnas2 systemd[7036]: Closed GnuPG cryptographic agent and passphrase cache (access for web browsers).
2019-05-09T04:23:24+00:00 openvpnas2 systemd: pam_unix(systemd-user:session): session closed for user openvpnas
2019-05-09T04:23:24+00:00 openvpnas2 systemd[7036]: Closed GnuPG cryptographic agent (ssh-agent emulation).
2019-05-09T04:23:24+00:00 openvpnas2 systemd[7036]: Closed GnuPG cryptographic agent and passphrase cache (restricted).
2019-05-09T04:23:24+00:00 openvpnas2 systemd[7036]: Closed GnuPG network certificate management daemon.
2019-05-09T04:23:24+00:00 openvpnas2 systemd[7036]: Closed GnuPG cryptographic agent and passphrase cache.
2019-05-09T04:23:24+00:00 openvpnas2 systemd[7036]: Reached target Shutdown.
2019-05-09T04:23:24+00:00 openvpnas2 systemd[7036]: Starting Exit the Session...
2019-05-09T04:23:24+00:00 openvpnas2 systemd[7036]: Received SIGRTMIN+24 from PID 7778 (kill).
2019-05-09T04:23:24+00:00 openvpnas2 systemd[1]: user@1002.service: Killing process 7778 (kill) with signal SIGKILL.
2019-05-09T04:23:24+00:00 openvpnas2 systemd[1]: Stopped User Manager for UID 1002.
2019-05-09T04:23:24+00:00 openvpnas2 systemd[1]: Removed slice User Slice of openvpnas.
2019-05-09T04:46:18+00:00 openvpnas2 systemd[1]: Started ntp-systemd-netif.service.
2019-05-09T04:46:18+00:00 openvpnas2 systemd[1]: Started ntp-systemd-netif.service.
2019-05-09T05:16:16+00:00 openvpnas2 systemd[1]: Started ntp-systemd-netif.service.
2019-05-09T05:16:18+00:00 openvpnas2 systemd[1]: Started ntp-systemd-netif.service.
2019-05-09T05:46:16+00:00 openvpnas2 systemd[1]: Started ntp-systemd-netif.service.
2019-05-09T05:46:17+00:00 openvpnas2 systemd[1]: Started ntp-systemd-netif.service.
2019-05-09T06:16:16+00:00 openvpnas2 systemd[1]: Started ntp-systemd-netif.service.
2019-05-09T06:16:16+00:00 openvpnas2 systemd[1]: Started ntp-systemd-netif.service.
2019-05-09T06:46:16+00:00 openvpnas2 systemd[1]: Started ntp-systemd-netif.service.
2019-05-09T06:46:16+00:00 openvpnas2 systemd[1]: Started ntp-systemd-netif.service.
2019-05-09T06:57:10+00:00 openvpnas2 systemd[1]: Starting Daily apt upgrade and clean activities...
2019-05-09T06:57:15+00:00 openvpnas2 systemd[1]: Started Daily apt upgrade and clean activities.
2019-05-09T07:16:15+00:00 openvpnas2 systemd[1]: Started ntp-systemd-netif.service.
2019-05-09T07:16:16+00:00 openvpnas2 systemd[1]: Started ntp-systemd-netif.service.
2019-05-09T07:46:14+00:00 openvpnas2 systemd[1]: Started ntp-systemd-netif.service.
2019-05-09T07:46:16+00:00 openvpnas2 systemd[1]: Started ntp-systemd-netif.service.
2019-05-09T08:16:14+00:00 openvpnas2 systemd[1]: Started ntp-systemd-netif.service.
2019-05-09T08:16:15+00:00 openvpnas2 systemd[1]: Started ntp-systemd-netif.service.
2019-05-09T08:46:13+00:00 openvpnas2 systemd[1]: Started ntp-systemd-netif.service.
2019-05-09T08:46:15+00:00 openvpnas2 systemd[1]: Started ntp-systemd-netif.service.
2019-05-09T09:16:13+00:00 openvpnas2 systemd[1]: Started ntp-systemd-netif.service.
2019-05-09T09:16:15+00:00 openvpnas2 systemd[1]: Started ntp-systemd-netif.service.
2019-05-09T09:46:13+00:00 openvpnas2 systemd[1]: Started ntp-systemd-netif.service.
2019-05-09T09:46:14+00:00 openvpnas2 systemd[1]: Started ntp-systemd-netif.service.
2019-05-09T10:16:12+00:00 openvpnas2 systemd[1]: Started ntp-systemd-netif.service.
2019-05-09T10:16:14+00:00 openvpnas2 systemd[1]: Started ntp-systemd-netif.service.
2019-05-09T10:46:11+00:00 openvpnas2 systemd[1]: Started ntp-systemd-netif.service.
2019-05-09T10:46:14+00:00 openvpnas2 systemd[1]: Started ntp-systemd-netif.service.
2019-05-09T11:16:10+00:00 openvpnas2 systemd[1]: Started ntp-systemd-netif.service.
2019-05-09T11:16:13+00:00 openvpnas2 systemd[1]: Started ntp-systemd-netif.service.
2019-05-09T11:46:09+00:00 openvpnas2 systemd[1]: Started ntp-systemd-netif.service.
2019-05-09T11:46:12+00:00 openvpnas2 systemd[1]: Started ntp-systemd-netif.service.
2019-05-09T12:16:08+00:00 openvpnas2 systemd[1]: Started ntp-systemd-netif.service.
2019-05-09T12:16:11+00:00 openvpnas2 systemd[1]: Started ntp-systemd-netif.service.
2019-05-09T12:46:08+00:00 openvpnas2 systemd[1]: Started ntp-systemd-netif.service.
2019-05-09T12:46:10+00:00 openvpnas2 systemd[1]: Started ntp-systemd-netif.service.
2019-05-09T13:16:08+00:00 openvpnas2 systemd[1]: Started ntp-systemd-netif.service.
2019-05-09T13:16:08+00:00 openvpnas2 systemd[1]: Started ntp-systemd-netif.service.
2019-05-09T13:46:07+00:00 openvpnas2 systemd[1]: Started ntp-systemd-netif.service.
2019-05-09T13:46:08+00:00 openvpnas2 systemd[1]: Started ntp-systemd-netif.service.
2019-05-09T14:16:06+00:00 openvpnas2 systemd[1]: Started ntp-systemd-netif.service.
2019-05-09T14:16:07+00:00 openvpnas2 systemd[1]: Started ntp-systemd-netif.service.
2019-05-09T14:31:13+00:00 openvpnas2 systemd[1]: Starting Daily apt download activities...
2019-05-09T14:31:20+00:00 openvpnas2 systemd[1]: Started Daily apt download activities.
2019-05-09T14:46:05+00:00 openvpnas2 systemd[1]: Started ntp-systemd-netif.service.
2019-05-09T14:46:06+00:00 openvpnas2 systemd[1]: Started ntp-systemd-netif.service.
2019-05-09T15:16:04+00:00 openvpnas2 systemd[1]: Started ntp-systemd-netif.service.
2019-05-09T15:16:06+00:00 openvpnas2 systemd[1]: Started ntp-systemd-netif.service.
2019-05-09T15:46:04+00:00 openvpnas2 systemd[1]: Started ntp-systemd-netif.service.
2019-05-09T15:46:06+00:00 openvpnas2 systemd[1]: Started ntp-systemd-netif.service.
2019-05-09T16:16:03+00:00 openvpnas2 systemd[1]: Started ntp-systemd-netif.service.
2019-05-09T16:16:06+00:00 openvpnas2 systemd[1]: Started ntp-systemd-netif.service.
2019-05-09T16:46:02+00:00 openvpnas2 systemd[1]: Started ntp-systemd-netif.service.
2019-05-09T16:46:07+00:00 openvpnas2 systemd[1]: Started ntp-systemd-netif.service.
2019-05-09T17:16:02+00:00 openvpnas2 systemd[1]: Started ntp-systemd-netif.service.
2019-05-09T17:16:07+00:00 openvpnas2 systemd[1]: Started ntp-systemd-netif.service.
2019-05-09T17:46:02+00:00 openvpnas2 systemd[1]: Started ntp-systemd-netif.service.
2019-05-09T17:46:07+00:00 openvpnas2 systemd[1]: Started ntp-systemd-netif.service.
2019-05-09T18:16:01+00:00 openvpnas2 systemd[1]: Started ntp-systemd-netif.service.
2019-05-09T18:16:06+00:00 openvpnas2 systemd[1]: Started ntp-systemd-netif.service.
2019-05-09T18:30:38+00:00 openvpnas2 systemd[1]: Starting Cleanup of Temporary Directories...
2019-05-09T18:30:38+00:00 openvpnas2 systemd[1]: Started Cleanup of Temporary Directories.
2019-05-09T18:46:01+00:00 openvpnas2 systemd[1]: Started ntp-systemd-netif.service.
2019-05-09T18:46:06+00:00 openvpnas2 systemd[1]: Started ntp-systemd-netif.service.
2019-05-09T19:16:00+00:00 openvpnas2 systemd[1]: Started ntp-systemd-netif.service.
2019-05-09T19:16:05+00:00 openvpnas2 systemd[1]: Started ntp-systemd-netif.service.
2019-05-09T19:45:59+00:00 openvpnas2 systemd[1]: Started ntp-systemd-netif.service.
2019-05-09T19:46:06+00:00 openvpnas2 systemd[1]: Started ntp-systemd-netif.service.
2019-05-09T20:15:57+00:00 openvpnas2 systemd[1]: Started ntp-systemd-netif.service.
2019-05-09T20:16:06+00:00 openvpnas2 systemd[1]: Started ntp-systemd-netif.service.
2019-05-09T20:45:57+00:00 openvpnas2 systemd[1]: Started ntp-systemd-netif.service.
2019-05-09T20:46:06+00:00 openvpnas2 systemd[1]: Started ntp-systemd-netif.service.
2019-05-09T21:15:56+00:00 openvpnas2 systemd[1]: Started ntp-systemd-netif.service.
2019-05-09T21:16:06+00:00 openvpnas2 systemd[1]: Started ntp-systemd-netif.service.
2019-05-09T21:45:55+00:00 openvpnas2 systemd[1]: Started ntp-systemd-netif.service.
2019-05-09T21:46:05+00:00 openvpnas2 systemd[1]: Started ntp-systemd-netif.service.
2019-05-09T22:15:55+00:00 openvpnas2 systemd[1]: Started ntp-systemd-netif.service.
2019-05-09T22:16:05+00:00 openvpnas2 systemd[1]: Started ntp-systemd-netif.service.
